<?xml version="1.0" encoding="utf-8"?><testsuites name="pytest tests"><testsuite name="pytest" errors="0" failures="0" skipped="0" tests="15" time="2.531" timestamp="2026-06-22T01:25:46.851983+00:00" hostname="agent-env-fd3dac78-1a06-42c2-94b1-09717d551e25"><testcase classname="backend.tests.test_iteration3_dhis2.TestDhis2Indicators" name="test_admin_ok_period_yyyymm" time="1.170" /><testcase classname="backend.tests.test_iteration3_dhis2.TestDhis2Indicators" name="test_indicator_values_with_seed" time="0.088" /><testcase classname="backend.tests.test_iteration3_dhis2.TestDhis2Indicators" name="test_soignant_forbidden" time="0.055" /><testcase classname="backend.tests.test_iteration3_dhis2.TestDhis2Indicators" name="test_patient_forbidden" time="0.425" /><testcase classname="backend.tests.test_iteration3_dhis2.TestDhis2Indicators" name="test_zone_filter" time="0.047" /><testcase classname="backend.tests.test_iteration3_dhis2.TestDhis2Export" name="test_admin_ok_datavalueset_shape" time="0.084" /><testcase classname="backend.tests.test_iteration3_dhis2.TestDhis2Export" name="test_zone_id_used_as_orgunit" time="0.047" /><testcase classname="backend.tests.test_iteration3_dhis2.TestDhis2Export" name="test_invalid_period_length" time="0.041" /><testcase classname="backend.tests.test_iteration3_dhis2.TestDhis2Export" name="test_invalid_period_non_numeric" time="0.041" /><testcase classname="backend.tests.test_iteration3_dhis2.TestDhis2Export" name="test_non_admin_forbidden" time="0.095" /><testcase classname="backend.tests.test_iteration3_dhis2.TestAuditLogs" name="test_audit_log_written_on_export" time="0.090" /><testcase classname="backend.tests.test_iteration3_dhis2.TestAuditLogs" name="test_audit_logs_non_admin_forbidden" time="0.055" /><testcase classname="backend.tests.test_iteration3_dhis2.TestDhis2Csv" name="test_csv_admin_ok" time="0.047" /><testcase classname="backend.tests.test_iteration3_dhis2.TestMpdsrAuditFields" name="test_create_mpdsr_with_audit" time="0.101" /><testcase classname="backend.tests.test_iteration3_dhis2.TestMpdsrAuditFields" name="test_mpdsr_list_includes_audit" time="0.052" /></testsuite></testsuites>