<?xml version="1.0" encoding="utf-8"?><testsuites name="pytest tests"><testsuite name="pytest" errors="0" failures="0" skipped="0" tests="46" time="8.416" timestamp="2026-06-22T01:40:35.961493+00:00" hostname="agent-env-fd3dac78-1a06-42c2-94b1-09717d551e25"><testcase classname="backend.tests.test_iteration2_features.TestPatientTimeline" name="test_timeline_as_patient_returns_structure" time="0.484" /><testcase classname="backend.tests.test_iteration2_features.TestPatientTimeline" name="test_timeline_forbidden_for_soignant" time="0.446" /><testcase classname="backend.tests.test_iteration2_features.TestPatientTimeline" name="test_timeline_forbidden_for_admin" time="0.415" /><testcase classname="backend.tests.test_iteration2_features.TestAppointments" name="test_create_appointment_as_soignant" time="0.110" /><testcase classname="backend.tests.test_iteration2_features.TestAppointments" name="test_list_appointments_as_soignant" time="0.063" /><testcase classname="backend.tests.test_iteration2_features.TestAppointments" name="test_patch_appointment_status_done" time="0.061" /><testcase classname="backend.tests.test_iteration2_features.TestAppointments" name="test_patch_appointment_status_missed" time="0.051" /><testcase classname="backend.tests.test_iteration2_features.TestAppointments" name="test_patch_appointment_404" time="0.062" /><testcase classname="backend.tests.test_iteration2_features.TestAppointments" name="test_patch_appointment_forbidden_for_patient" time="0.048" /><testcase classname="backend.tests.test_iteration2_features.TestAppointments" name="test_create_appointment_for_patient_visible_to_her" time="0.155" /><testcase classname="backend.tests.test_iteration3_dhis2.TestDhis2Indicators" name="test_admin_ok_period_yyyymm" time="1.078" /><testcase classname="backend.tests.test_iteration3_dhis2.TestDhis2Indicators" name="test_indicator_values_with_seed" time="0.050" /><testcase classname="backend.tests.test_iteration3_dhis2.TestDhis2Indicators" name="test_soignant_forbidden" time="0.169" /><testcase classname="backend.tests.test_iteration3_dhis2.TestDhis2Indicators" name="test_patient_forbidden" time="0.442" /><testcase classname="backend.tests.test_iteration3_dhis2.TestDhis2Indicators" name="test_zone_filter" time="0.082" /><testcase classname="backend.tests.test_iteration3_dhis2.TestDhis2Export" name="test_admin_ok_datavalueset_shape" time="0.046" /><testcase classname="backend.tests.test_iteration3_dhis2.TestDhis2Export" name="test_zone_id_used_as_orgunit" time="0.047" /><testcase classname="backend.tests.test_iteration3_dhis2.TestDhis2Export" name="test_invalid_period_length" time="0.042" /><testcase classname="backend.tests.test_iteration3_dhis2.TestDhis2Export" name="test_invalid_period_non_numeric" time="0.045" /><testcase classname="backend.tests.test_iteration3_dhis2.TestDhis2Export" name="test_non_admin_forbidden" time="0.087" /><testcase classname="backend.tests.test_iteration3_dhis2.TestAuditLogs" name="test_audit_log_written_on_export" time="0.129" /><testcase classname="backend.tests.test_iteration3_dhis2.TestAuditLogs" name="test_audit_logs_non_admin_forbidden" time="0.051" /><testcase classname="backend.tests.test_iteration3_dhis2.TestDhis2Csv" name="test_csv_admin_ok" time="0.051" /><testcase classname="backend.tests.test_iteration3_dhis2.TestMpdsrAuditFields" name="test_create_mpdsr_with_audit" time="0.100" /><testcase classname="backend.tests.test_iteration3_dhis2.TestMpdsrAuditFields" name="test_mpdsr_list_includes_audit" time="0.048" /><testcase classname="backend.tests.test_khalaba_api" name="test_health" time="0.122" /><testcase classname="backend.tests.test_khalaba_api" name="test_login_invalid_credentials" time="0.323" /><testcase classname="backend.tests.test_khalaba_api" name="test_admin_full_flow" time="0.403" /><testcase classname="backend.tests.test_khalaba_api" name="test_soignant_flow" time="0.437" /><testcase classname="backend.tests.test_khalaba_api" name="test_patient_flow" time="0.429" /><testcase classname="backend.tests.test_khalaba_api" name="test_verify_otp_bad_token" time="0.093" /><testcase classname="backend.tests.test_khalaba_api" name="test_list_zones_seeded" time="0.101" /><testcase classname="backend.tests.test_khalaba_api" name="test_list_structures_seeded" time="0.095" /><testcase classname="backend.tests.test_khalaba_api" name="test_create_zone_admin_only" time="0.095" /><testcase classname="backend.tests.test_khalaba_api" name="test_list_patients_zone_scoped" time="0.109" /><testcase classname="backend.tests.test_khalaba_api" name="test_get_patient_with_relations" time="0.050" /><testcase classname="backend.tests.test_khalaba_api" name="test_get_pregnancy_with_visits" time="0.100" /><testcase classname="backend.tests.test_khalaba_api" name="test_create_cpn_with_alerts" time="0.054" /><testcase classname="backend.tests.test_khalaba_api" name="test_create_postnatal_alerts" time="0.055" /><testcase classname="backend.tests.test_khalaba_api" name="test_vaccination_flow" time="0.195" /><testcase classname="backend.tests.test_khalaba_api" name="test_mpdsr_create_and_list" time="0.096" /><testcase classname="backend.tests.test_khalaba_api" name="test_analytics_admin" time="0.075" /><testcase classname="backend.tests.test_khalaba_api" name="test_analytics_forbidden_for_soignant" time="0.048" /><testcase classname="backend.tests.test_khalaba_api" name="test_analytics_forbidden_for_patient" time="0.048" /><testcase classname="backend.tests.test_khalaba_api" name="test_register_soignant_then_login" time="0.554" /><testcase classname="backend.tests.test_khalaba_api" name="test_logout" time="0.488" /></testsuite></testsuites>