<?xml version="1.0" encoding="utf-8"?><testsuites name="pytest tests"><testsuite name="pytest" errors="0" failures="0" skipped="0" tests="10" time="1.907" timestamp="2026-06-22T00:57:47.978494+00:00" hostname="agent-env-fd3dac78-1a06-42c2-94b1-09717d551e25"><testcase classname="backend.tests.test_iteration2_features.TestPatientTimeline" name="test_timeline_as_patient_returns_structure" time="0.466" /><testcase classname="backend.tests.test_iteration2_features.TestPatientTimeline" name="test_timeline_forbidden_for_soignant" time="0.442" /><testcase classname="backend.tests.test_iteration2_features.TestPatientTimeline" name="test_timeline_forbidden_for_admin" time="0.423" /><testcase classname="backend.tests.test_iteration2_features.TestAppointments" name="test_create_appointment_as_soignant" time="0.083" /><testcase classname="backend.tests.test_iteration2_features.TestAppointments" name="test_list_appointments_as_soignant" time="0.041" /><testcase classname="backend.tests.test_iteration2_features.TestAppointments" name="test_patch_appointment_status_done" time="0.043" /><testcase classname="backend.tests.test_iteration2_features.TestAppointments" name="test_patch_appointment_status_missed" time="0.042" /><testcase classname="backend.tests.test_iteration2_features.TestAppointments" name="test_patch_appointment_404" time="0.042" /><testcase classname="backend.tests.test_iteration2_features.TestAppointments" name="test_patch_appointment_forbidden_for_patient" time="0.105" /><testcase classname="backend.tests.test_iteration2_features.TestAppointments" name="test_create_appointment_for_patient_visible_to_her" time="0.135" /></testsuite></testsuites>