<?xml version="1.0" encoding="utf-8"?><testsuites name="pytest tests"><testsuite name="pytest" errors="0" failures="1" skipped="0" tests="39" time="9.900" timestamp="2026-05-25T13:42:06.461156+00:00" hostname="agent-env-3cfcb4ae-7383-4cb4-9112-931320c6f80c"><testcase classname="backend.tests.test_khalaba_v2_backend.TestZones" name="test_list_zones_seeded" time="0.467" /><testcase classname="backend.tests.test_khalaba_v2_backend.TestZones" name="test_midwife_cannot_create_zone" time="0.453" /><testcase classname="backend.tests.test_khalaba_v2_backend.TestPatientsV2" name="test_patients_have_khalaba_id" time="0.116" /><testcase classname="backend.tests.test_khalaba_v2_backend.TestPatientsV2" name="test_midwife_sectorisation_by_zone" time="0.226" /><testcase classname="backend.tests.test_khalaba_v2_backend.TestPatientsV2" name="test_midwife_does_not_see_other_zone" time="0.220" /><testcase classname="backend.tests.test_khalaba_v2_backend.TestComplications" name="test_create_and_list_complication" time="0.425" /><testcase classname="backend.tests.test_khalaba_v2_backend.TestPostnatalNewborn" name="test_create_newborn_low_birth_weight" time="0.544" /><testcase classname="backend.tests.test_khalaba_v2_backend.TestPostnatalNewborn" name="test_postnatal_visit_with_alerts" time="0.214" /><testcase classname="backend.tests.test_khalaba_v2_backend.TestDeathAudit" name="test_create_audit_creates_alert" time="0.788" /><testcase classname="backend.tests.test_khalaba_v2_backend.TestDeathAudit" name="test_midwife_cannot_patch_audit" time="0.232" /><testcase classname="backend.tests.test_khalaba_v2_backend.TestDirectChannel" name="test_log_and_list" time="0.325" /><testcase classname="backend.tests.test_khalaba_v2_backend.TestCpnV2" name="test_cpn_hepatitis_b_positive_alert" time="0.319" /><testcase classname="backend.tests.test_khalaba_v2_backend.TestKpisV2" name="test_kpis_neonatal_deaths_and_postnatal" time="0.116" /><testcase classname="backend.tests.test_khalaba_backend.TestAuth" name="test_login_admin" time="0.325" /><testcase classname="backend.tests.test_khalaba_backend.TestAuth" name="test_login_bad_credentials" time="0.315" /><testcase classname="backend.tests.test_khalaba_backend.TestAuth" name="test_login_unknown_user" time="0.117" /><testcase classname="backend.tests.test_khalaba_backend.TestAuth" name="test_me_with_token" time="0.449" /><testcase classname="backend.tests.test_khalaba_backend.TestAuth" name="test_me_without_token" time="0.102" /><testcase classname="backend.tests.test_khalaba_backend.TestFacilities" name="test_list_facilities_seeded" time="0.114" /><testcase classname="backend.tests.test_khalaba_backend.TestPatients" name="test_midwife_lists_patients_of_facility" time="0.748"><failure message="AssertionError: assert 'b9bda95c-777...-e82641c32879' == '0ec9cb37-a80...-6f76e4d1cd42'&#10;  &#10;  - 0ec9cb37-a808-4ce7-8a03-6f76e4d1cd42&#10;  + b9bda95c-7775-4845-95f6-e82641c32879">backend/tests/test_khalaba_backend.py:111: in test_midwife_lists_patients_of_facility
    assert p["facility_id"] == midwife_user["facility_id"]
E   AssertionError: assert 'b9bda95c-777...-e82641c32879' == '0ec9cb37-a80...-6f76e4d1cd42'
E     
E     - 0ec9cb37-a808-4ce7-8a03-6f76e4d1cd42
E     + b9bda95c-7775-4845-95f6-e82641c32879</failure></testcase><testcase classname="backend.tests.test_khalaba_backend.TestPatients" name="test_search_aisha" time="0.120" /><testcase classname="backend.tests.test_khalaba_backend.TestPatients" name="test_patient_cannot_list_patients" time="0.445" /><testcase classname="backend.tests.test_khalaba_backend.TestPatients" name="test_create_patient_as_midwife" time="0.226" /><testcase classname="backend.tests.test_khalaba_backend.TestPregnancyFlow" name="test_create_pregnancy_auto_edd" time="0.343" /><testcase classname="backend.tests.test_khalaba_backend.TestPregnancyFlow" name="test_create_cpn_with_hta_alert" time="0.103" /><testcase classname="backend.tests.test_khalaba_backend.TestPregnancyFlow" name="test_list_cpn" time="0.099" /><testcase classname="backend.tests.test_khalaba_backend.TestPregnancyFlow" name="test_administer_vaccine" time="0.257" /><testcase classname="backend.tests.test_khalaba_backend.TestAlerts" name="test_alerts_list" time="0.107" /><testcase classname="backend.tests.test_khalaba_backend.TestDashboard" name="test_kpis_19_fields" time="0.123" /><testcase classname="backend.tests.test_khalaba_backend.TestDashboard" name="test_patient_cannot_access_kpis" time="0.124" /><testcase classname="backend.tests.test_khalaba_backend.TestDashboard" name="test_coverage_trend_6_months" time="0.105" /><testcase classname="backend.tests.test_khalaba_backend.TestDashboard" name="test_vaccine_coverage" time="0.107" /><testcase classname="backend.tests.test_khalaba_backend.TestAdmin" name="test_admin_users_list" time="0.106" /><testcase classname="backend.tests.test_khalaba_backend.TestAdmin" name="test_midwife_cannot_admin_users" time="0.103" /><testcase classname="backend.tests.test_khalaba_backend.TestAdmin" name="test_admin_can_create_user" time="0.346" /><testcase classname="backend.tests.test_khalaba_backend.TestAdmin" name="test_export_patients_csv" time="0.117" /><testcase classname="backend.tests.test_khalaba_backend.TestAdmin" name="test_export_pregnancies_csv" time="0.102" /><testcase classname="backend.tests.test_khalaba_backend.TestAdmin" name="test_export_cpn_csv" time="0.113" /><testcase classname="backend.tests.test_khalaba_backend.TestAdmin" name="test_midwife_cannot_export" time="0.109" /></testsuite></testsuites>